<?xml version="1.0" encoding="UTF-8"?>
<testsuite xmlns:xsi="http://www.w3.org/2001/XMLSchema-instance" xsi:noNamespaceSchemaLocation="https://maven.apache.org/surefire/maven-surefire-plugin/xsd/surefire-test-report.xsd" version="3.0.2" name="com.begger.pawa.demo.PawaApplicationTests" time="8.725" tests="1" errors="0" skipped="0" failures="0">
  <properties>
[...]
</properties>
  <testcase name="contextLoads" classname="com.begger.pawa.demo.PawaApplicationTests" time="1.785">
    <system-out><![CDATA[15:09:00.054 [main] INFO org.springframework.test.context.support.AnnotationConfigContextLoaderUtils -- Could not detect default configuration classes for test class [com.begger.pawa.demo.PawaApplicationTests]: PawaApplicationTests does not declare any static, non-private, non-final, nested classes annotated with @Configuration.
15:09:00.319 [main] INFO org.springframework.boot.test.context.SpringBootTestContextBootstrapper -- Found @SpringBootConfiguration com.begger.pawa.demo.PawaApplication for test class com.begger.pawa.demo.PawaApplicationTests
15:09:00.727 [main] INFO org.springframework.boot.devtools.restart.RestartApplicationListener -- Restart disabled due to context in which it is running

  .   ____          _            __ _ _
 /\\ / ___'_ __ _ _(_)_ __  __ _ \ \ \ \
( ( )\___ | '_ | '_| | '_ \/ _` | \ \ \ \
 \\/  ___)| |_)| | | | | || (_| |  ) ) ) )
  '  |____| .__|_| |_|_| |_\__, | / / / /
 =========|_|==============|___/=/_/_/_/

 :: Spring Boot ::                (v3.4.4)

2025-04-22T15:09:01.529+07:00  INFO 2688 --- [PAWA] [           main] c.begger.pawa.demo.PawaApplicationTests  : Starting PawaApplicationTests using Java 22.0.2 with PID 2688 (started by death in C:\schoo_work\s1_2025\Enterprise\Pawa\PAWA\BE\demo\demo)
2025-04-22T15:09:01.534+07:00  INFO 2688 --- [PAWA] [           main] c.begger.pawa.demo.PawaApplicationTests  : No active profile set, falling back to 1 default profile: "default"
2025-04-22T15:09:03.173+07:00  INFO 2688 --- [PAWA] [           main] .s.d.r.c.RepositoryConfigurationDelegate : Bootstrapping Spring Data MongoDB repositories in DEFAULT mode.
2025-04-22T15:09:03.253+07:00  INFO 2688 --- [PAWA] [           main] .s.d.r.c.RepositoryConfigurationDelegate : Finished Spring Data repository scanning in 68 ms. Found 2 MongoDB repository interfaces.
2025-04-22T15:09:04.177+07:00  INFO 2688 --- [PAWA] [           main] org.mongodb.driver.client                : MongoClient with metadata {"driver": {"name": "mongo-java-driver|sync|spring-boot", "version": "5.2.1"}, "os": {"type": "Windows", "name": "Windows 11", "architecture": "amd64", "version": "10.0"}, "platform": "Java/Oracle Corporation/22.0.2+9-70"} created with settings MongoClientSettings{readPreference=primary, writeConcern=WriteConcern{w=null, wTimeout=null ms, journal=null}, retryWrites=true, retryReads=true, readConcern=ReadConcern{level=null}, credential=MongoCredential{mechanism=null, userName='beggars', source='admin', password=<hidden>, mechanismProperties=<hidden>}, transportSettings=null, commandListeners=[io.micrometer.core.instrument.binder.mongodb.MongoMetricsCommandListener@6fbf5db2], codecRegistry=ProvidersCodecRegistry{codecProviders=[ValueCodecProvider{}, BsonValueCodecProvider{}, DBRefCodecProvider{}, DBObjectCodecProvider{}, DocumentCodecProvider{}, CollectionCodecProvider{}, IterableCodecProvider{}, MapCodecProvider{}, GeoJsonCodecProvider{}, GridFSFileCodecProvider{}, Jsr310CodecProvider{}, JsonObjectCodecProvider{}, BsonCodecProvider{}, EnumCodecProvider{}, com.mongodb.client.model.mql.ExpressionCodecProvider@509a6095, com.mongodb.Jep395RecordCodecProvider@57cabdc3, com.mongodb.KotlinCodecProvider@75bd28d]}, loggerSettings=LoggerSettings{maxDocumentLength=1000}, clusterSettings={hosts=[127.0.0.1:27017], srvHost=dba-cluster.wog0o99.mongodb.net, srvServiceName=mongodb, mode=MULTIPLE, requiredClusterType=REPLICA_SET, requiredReplicaSetName='atlas-zwvwwh-shard-0', serverSelector='null', clusterListeners='[]', serverSelectionTimeout='30000 ms', localThreshold='15 ms'}, socketSettings=SocketSettings{connectTimeoutMS=10000, readTimeoutMS=0, receiveBufferSize=0, proxySettings=ProxySettings{host=null, port=null, username=null, password=null}}, heartbeatSocketSettings=SocketSettings{connectTimeoutMS=10000, readTimeoutMS=10000, receiveBufferSize=0, proxySettings=ProxySettings{host=null, port=null, username=null, password=null}}, connectionPoolSettings=ConnectionPoolSettings{maxSize=100, minSize=0, maxWaitTimeMS=120000, maxConnectionLifeTimeMS=0, maxConnectionIdleTimeMS=0, maintenanceInitialDelayMS=0, maintenanceFrequencyMS=60000, connectionPoolListeners=[io.micrometer.core.instrument.binder.mongodb.MongoMetricsConnectionPoolListener@129c4d19], maxConnecting=2}, serverSettings=ServerSettings{heartbeatFrequencyMS=10000, minHeartbeatFrequencyMS=500, serverMonitoringMode=AUTO, serverListeners='[]', serverMonitorListeners='[]'}, sslSettings=SslSettings{enabled=true, invalidHostNameAllowed=false, context=null}, applicationName='null', compressorList=[], uuidRepresentation=JAVA_LEGACY, serverApi=null, autoEncryptionSettings=null, dnsClient=null, inetAddressResolver=null, contextProvider=null, timeoutMS=null}
2025-04-22T15:09:04.209+07:00  INFO 2688 --- [PAWA] [o99.mongodb.net] org.mongodb.driver.cluster               : Adding discovered server ac-qtqqz1y-shard-00-01.wog0o99.mongodb.net:27017 to client view of cluster
2025-04-22T15:09:04.275+07:00  INFO 2688 --- [PAWA] [o99.mongodb.net] org.mongodb.driver.cluster               : Adding discovered server ac-qtqqz1y-shard-00-02.wog0o99.mongodb.net:27017 to client view of cluster
2025-04-22T15:09:04.278+07:00  INFO 2688 --- [PAWA] [o99.mongodb.net] org.mongodb.driver.cluster               : Adding discovered server ac-qtqqz1y-shard-00-00.wog0o99.mongodb.net:27017 to client view of cluster
2025-04-22T15:09:05.138+07:00  INFO 2688 --- [PAWA] [ngodb.net:27017] org.mongodb.driver.cluster               : Monitor thread successfully connected to server with description ServerDescription{address=ac-qtqqz1y-shard-00-01.wog0o99.mongodb.net:27017, type=REPLICA_SET_SECONDARY, cryptd=false, state=CONNECTED, ok=true, minWireVersion=0, maxWireVersion=25, maxDocumentSize=16777216, logicalSessionTimeoutMinutes=30, roundTripTimeNanos=468582400, minRoundTripTimeNanos=0, setName='atlas-zwvwwh-shard-0', canonicalAddress=ac-qtqqz1y-shard-00-01.wog0o99.mongodb.net:27017, hosts=[ac-qtqqz1y-shard-00-00.wog0o99.mongodb.net:27017, ac-qtqqz1y-shard-00-01.wog0o99.mongodb.net:27017, ac-qtqqz1y-shard-00-02.wog0o99.mongodb.net:27017], passives=[], arbiters=[], primary='ac-qtqqz1y-shard-00-02.wog0o99.mongodb.net:27017', tagSet=TagSet{[Tag{name='availabilityZone', value='ape1-az2'}, Tag{name='diskState', value='READY'}, Tag{name='nodeType', value='ELECTABLE'}, Tag{name='provider', value='AWS'}, Tag{name='region', value='AP_EAST_1'}, Tag{name='workloadType', value='OPERATIONAL'}]}, electionId=null, setVersion=1, topologyVersion=TopologyVersion{processId=68026a02f932bd935aaee5d7, counter=3}, lastWriteDate=Tue Apr 22 15:09:04 ICT 2025, lastUpdateTimeNanos=933495469731500}
2025-04-22T15:09:05.138+07:00  INFO 2688 --- [PAWA] [ngodb.net:27017] org.mongodb.driver.cluster               : Monitor thread successfully connected to server with description ServerDescription{address=ac-qtqqz1y-shard-00-02.wog0o99.mongodb.net:27017, type=REPLICA_SET_PRIMARY, cryptd=false, state=CONNECTED, ok=true, minWireVersion=0, maxWireVersion=25, maxDocumentSize=16777216, logicalSessionTimeoutMinutes=30, roundTripTimeNanos=468114300, minRoundTripTimeNanos=0, setName='atlas-zwvwwh-shard-0', canonicalAddress=ac-qtqqz1y-shard-00-02.wog0o99.mongodb.net:27017, hosts=[ac-qtqqz1y-shard-00-00.wog0o99.mongodb.net:27017, ac-qtqqz1y-shard-00-01.wog0o99.mongodb.net:27017, ac-qtqqz1y-shard-00-02.wog0o99.mongodb.net:27017], passives=[], arbiters=[], primary='ac-qtqqz1y-shard-00-02.wog0o99.mongodb.net:27017', tagSet=TagSet{[Tag{name='availabilityZone', value='ape1-az3'}, Tag{name='diskState', value='READY'}, Tag{name='nodeType', value='ELECTABLE'}, Tag{name='provider', value='AWS'}, Tag{name='region', value='AP_EAST_1'}, Tag{name='workloadType', value='OPERATIONAL'}]}, electionId=7fffffff0000000000000023, setVersion=1, topologyVersion=TopologyVersion{processId=680269cb0cb99e425b800bf7, counter=6}, lastWriteDate=Tue Apr 22 15:09:04 ICT 2025, lastUpdateTimeNanos=933495469731500}
2025-04-22T15:09:05.138+07:00  INFO 2688 --- [PAWA] [ngodb.net:27017] org.mongodb.driver.cluster               : Monitor thread successfully connected to server with description ServerDescription{address=ac-qtqqz1y-shard-00-00.wog0o99.mongodb.net:27017, type=REPLICA_SET_SECONDARY, cryptd=false, state=CONNECTED, ok=true, minWireVersion=0, maxWireVersion=25, maxDocumentSize=16777216, logicalSessionTimeoutMinutes=30, roundTripTimeNanos=466276500, minRoundTripTimeNanos=0, setName='atlas-zwvwwh-shard-0', canonicalAddress=ac-qtqqz1y-shard-00-00.wog0o99.mongodb.net:27017, hosts=[ac-qtqqz1y-shard-00-00.wog0o99.mongodb.net:27017, ac-qtqqz1y-shard-00-01.wog0o99.mongodb.net:27017, ac-qtqqz1y-shard-00-02.wog0o99.mongodb.net:27017], passives=[], arbiters=[], primary='ac-qtqqz1y-shard-00-02.wog0o99.mongodb.net:27017', tagSet=TagSet{[Tag{name='availabilityZone', value='ape1-az1'}, Tag{name='diskState', value='READY'}, Tag{name='nodeType', value='ELECTABLE'}, Tag{name='provider', value='AWS'}, Tag{name='region', value='AP_EAST_1'}, Tag{name='workloadType', value='OPERATIONAL'}]}, electionId=null, setVersion=1, topologyVersion=TopologyVersion{processId=680269925e477fc27945f805, counter=4}, lastWriteDate=Tue Apr 22 15:09:04 ICT 2025, lastUpdateTimeNanos=933495469731400}
2025-04-22T15:09:05.138+07:00  INFO 2688 --- [PAWA] [ngodb.net:27017] org.mongodb.driver.cluster               : Discovered replica set primary ac-qtqqz1y-shard-00-02.wog0o99.mongodb.net:27017 with max election id 7fffffff0000000000000023 and max set version 1
2025-04-22T15:09:05.862+07:00  WARN 2688 --- [PAWA] [           main] .s.s.UserDetailsServiceAutoConfiguration : 

Using generated security password: 47c43e1c-dc96-40cf-8371-bc558dd61045

This generated password is for development use only. Your security configuration must be updated before running your application in production.

2025-04-22T15:09:05.899+07:00  INFO 2688 --- [PAWA] [           main] r$InitializeUserDetailsManagerConfigurer : Global AuthenticationManager configured with UserDetailsService bean with name inMemoryUserDetailsManager
2025-04-22T15:09:06.120+07:00  INFO 2688 --- [PAWA] [           main] o.s.b.a.e.web.EndpointLinksResolver      : Exposing 1 endpoint beneath base path '/actuator'
2025-04-22T15:09:06.436+07:00  INFO 2688 --- [PAWA] [           main] c.begger.pawa.demo.PawaApplicationTests  : Started PawaApplicationTests in 5.741 seconds (process running for 8.252)
]]></system-out>
    <system-err><![CDATA[Mockito is currently self-attaching to enable the inline-mock-maker. This will no longer work in future releases of the JDK. Please add Mockito as an agent to your build what is described in Mockito's documentation: https://javadoc.io/doc/org.mockito/mockito-core/latest/org/mockito/Mockito.html#0.3
WARNING: A Java agent has been loaded dynamically (C:\Users\death\.m2\repository\net\bytebuddy\byte-buddy-agent\1.15.11\byte-buddy-agent-1.15.11.jar)
WARNING: If a serviceability tool is in use, please run with -XX:+EnableDynamicAgentLoading to hide this warning
WARNING: If a serviceability tool is not in use, please run with -Djdk.instrument.traceUsage for more information
WARNING: Dynamic loading of agents will be disallowed by default in a future release
]]></system-err>
  </testcase>
</testsuite>